[ 2020-03-06T13:36:23+08:00 ] 127.0.0.1 /
INFO: [ app_init ] --START--
INFO: Run Behavior\BuildLiteBehavior [ RunTime:0.000012s ]
INFO: [ app_init ] --END-- [ RunTime:0.000751s ]
INFO: [ app_begin ] --START--
INFO: Run Behavior\ReadHtmlCacheBehavior [ RunTime:0.000645s ]
INFO: [ app_begin ] --END-- [ RunTime:0.000671s ]
ERR: 非法操作:index

[ 2020-03-06T13:37:05+08:00 ] 127.0.0.1 /index.php
INFO: [ app_init ] --START--
INFO: Run Behavior\BuildLiteBehavior [ RunTime:0.000009s ]
INFO: [ app_init ] --END-- [ RunTime:0.000548s ]
INFO: [ app_begin ] --START--
INFO: Run Behavior\ReadHtmlCacheBehavior [ RunTime:0.000663s ]
INFO: [ app_begin ] --END-- [ RunTime:0.000699s ]
ERR: 非法操作:index

[ 2020-03-06T13:41:23+08:00 ] 127.0.0.1 /index.php
INFO: [ app_init ] --START--
INFO: Run Behavior\BuildLiteBehavior [ RunTime:0.000005s ]
INFO: [ app_init ] --END-- [ RunTime:0.000351s ]
INFO: [ app_begin ] --START--
INFO: Run Behavior\ReadHtmlCacheBehavior [ RunTime:0.000448s ]
INFO: [ app_begin ] --END-- [ RunTime:0.000504s ]
ERR: 非法操作:index

[ 2020-03-06T13:43:54+08:00 ] 127.0.0.1 /index.php/home/index/index
INFO: [ app_init ] --START--
INFO: Run Behavior\BuildLiteBehavior [ RunTime:0.000016s ]
INFO: [ app_init ] --END-- [ RunTime:0.000404s ]
INFO: [ app_begin ] --START--
INFO: Run Behavior\ReadHtmlCacheBehavior [ RunTime:0.000466s ]
INFO: [ app_begin ] --END-- [ RunTime:0.000482s ]
ERR: 非法操作:index

[ 2020-03-06T13:48:24+08:00 ] 127.0.0.1 /index.php/home/index/index
INFO: [ app_init ] --START--
INFO: Run Behavior\BuildLiteBehavior [ RunTime:0.000008s ]
INFO: [ app_init ] --END-- [ RunTime:0.000485s ]
INFO: [ app_begin ] --START--
INFO: Run Behavior\ReadHtmlCacheBehavior [ RunTime:0.000535s ]
INFO: [ app_begin ] --END-- [ RunTime:0.000580s ]
ERR: 非法操作:index

[ 2020-03-06T13:48:26+08:00 ] 127.0.0.1 /index.php
INFO: [ app_init ] --START--
INFO: Run Behavior\BuildLiteBehavior [ RunTime:0.000006s ]
INFO: [ app_init ] --END-- [ RunTime:0.000356s ]
INFO: [ app_begin ] --START--
INFO: Run Behavior\ReadHtmlCacheBehavior [ RunTime:0.000542s ]
INFO: [ app_begin ] --END-- [ RunTime:0.000574s ]
ERR: 非法操作:index

[ 2020-03-06T13:48:48+08:00 ] 127.0.0.1 /home/index/index
INFO: [ app_init ] --START--
INFO: Run Behavior\BuildLiteBehavior [ RunTime:0.000006s ]
INFO: [ app_init ] --END-- [ RunTime:0.000440s ]
INFO: [ app_begin ] --START--
INFO: Run Behavior\ReadHtmlCacheBehavior [ RunTime:0.000536s ]
INFO: [ app_begin ] --END-- [ RunTime:0.000569s ]
ERR: 非法操作:index

[ 2020-03-06T14:47:25+08:00 ] 127.0.0.1 /
INFO: [ app_init ] --START--
INFO: Run Behavior\BuildLiteBehavior [ RunTime:0.000007s ]
INFO: [ app_init ] --END-- [ RunTime:0.000957s ]
INFO: [ app_begin ] --START--
INFO: Run Behavior\ReadHtmlCacheBehavior [ RunTime:0.000635s ]
INFO: [ app_begin ] --END-- [ RunTime:0.000660s ]
ERR: 非法操作:index

[ 2020-03-06T15:00:29+08:00 ] 127.0.0.1 /index.php/Home/index/index.html
INFO: [ app_init ] --START--
INFO: Run Behavior\BuildLiteBehavior [ RunTime:0.000009s ]
INFO: [ app_init ] --END-- [ RunTime:0.000513s ]
INFO: [ app_begin ] --START--
INFO: Run Behavior\ReadHtmlCacheBehavior [ RunTime:0.001235s ]
INFO: [ app_begin ] --END-- [ RunTime:0.001278s ]
ERR: 非法操作:index

[ 2020-03-06T15:00:42+08:00 ] 127.0.0.1 /index.php/Home/index/index.html
INFO: [ app_init ] --START--
INFO: Run Behavior\BuildLiteBehavior [ RunTime:0.000006s ]
INFO: [ app_init ] --END-- [ RunTime:0.000406s ]
INFO: [ app_begin ] --START--
INFO: Run Behavior\ReadHtmlCacheBehavior [ RunTime:0.000526s ]
INFO: [ app_begin ] --END-- [ RunTime:0.000549s ]
ERR: 非法操作:index

[ 2020-03-06T15:00:50+08:00 ] 127.0.0.1 /index.php/
INFO: [ app_init ] --START--
INFO: Run Behavior\BuildLiteBehavior [ RunTime:0.000009s ]
INFO: [ app_init ] --END-- [ RunTime:0.000552s ]
INFO: [ app_begin ] --START--
INFO: Run Behavior\ReadHtmlCacheBehavior [ RunTime:0.000633s ]
INFO: [ app_begin ] --END-- [ RunTime:0.000668s ]
ERR: 非法操作:index

[ 2020-03-06T15:10:12+08:00 ] 127.0.0.1 /index.php/
INFO: [ app_init ] --START--
INFO: Run Behavior\BuildLiteBehavior [ RunTime:0.000014s ]
INFO: [ app_init ] --END-- [ RunTime:0.000879s ]
INFO: [ app_begin ] --START--
INFO: Run Behavior\ReadHtmlCacheBehavior [ RunTime:0.000972s ]
INFO: [ app_begin ] --END-- [ RunTime:0.001019s ]
NOTIC: [8] Undefined variable: pres D:\phpstudy_pro\WWW\carshop\Application\Home\Controller\CommonController.class.php 第 19 行.
ERR: SQLSTATE[HY000] [1045] Access denied for user 'root'@'localhost' (using password: YES)

[ 2020-03-06T15:11:12+08:00 ] 127.0.0.1 /index.php/
INFO: [ app_init ] --START--
INFO: Run Behavior\BuildLiteBehavior [ RunTime:0.000007s ]
INFO: [ app_init ] --END-- [ RunTime:0.000410s ]
INFO: [ app_begin ] --START--
INFO: Run Behavior\ReadHtmlCacheBehavior [ RunTime:0.000919s ]
INFO: [ app_begin ] --END-- [ RunTime:0.001035s ]
NOTIC: [8] Undefined variable: pres D:\phpstudy_pro\WWW\carshop\Application\Home\Controller\CommonController.class.php 第 19 行.
ERR: SQLSTATE[HY000] [1045] Access denied for user 'root'@'localhost' (using password: YES)

[ 2020-03-06T15:11:30+08:00 ] 127.0.0.1 /index.php/
INFO: [ app_init ] --START--
INFO: Run Behavior\BuildLiteBehavior [ RunTime:0.000008s ]
INFO: [ app_init ] --END-- [ RunTime:0.000588s ]
INFO: [ app_begin ] --START--
INFO: Run Behavior\ReadHtmlCacheBehavior [ RunTime:0.000657s ]
INFO: [ app_begin ] --END-- [ RunTime:0.000688s ]
NOTIC: [8] Undefined variable: pres D:\phpstudy_pro\WWW\carshop\Application\Home\Controller\CommonController.class.php 第 19 行.
SQL: SHOW COLUMNS FROM `cs_cate` [ RunTime:0.0154s ]
SQL: SELECT `id`,`name`,`type` FROM `cs_cate` WHERE `parentid` = 0 AND `pc` = 1 ORDER BY sort asc  [ RunTime:0.0003s ]
SQL: SHOW COLUMNS FROM `cs_link` [ RunTime:0.0058s ]
SQL: SELECT `title`,`url` FROM `cs_link`  [ RunTime:0.0002s ]
SQL: SHOW COLUMNS FROM `cs_article` [ RunTime:0.0053s ]
SQL: SELECT `id`,`title`,`pic`,`rizu` FROM `cs_article` WHERE ( cateid=70 ) ORDER BY id desc LIMIT 3   [ RunTime:0.0004s ]
SQL: SELECT `id`,`title`,`pic`,`rizu` FROM `cs_article` WHERE ( cateid=68 ) ORDER BY id desc  [ RunTime:0.0002s ]
SQL: SELECT `id`,`title`,`time` FROM `cs_article` WHERE ( cateid=69 ) ORDER BY id desc LIMIT 3   [ RunTime:0.0002s ]
INFO: [ view_parse ] --START--
INFO: [ template_filter ] --START--
INFO: Run Behavior\ContentReplaceBehavior [ RunTime:0.000096s ]
INFO: [ template_filter ] --END-- [ RunTime:0.000120s ]
INFO: Run Behavior\ParseTemplateBehavior [ RunTime:0.079755s ]
INFO: [ view_parse ] --END-- [ RunTime:0.079814s ]
INFO: [ view_filter ] --START--
INFO: Run Behavior\WriteHtmlCacheBehavior [ RunTime:0.006433s ]
INFO: [ view_filter ] --END-- [ RunTime:0.006452s ]
INFO: [ app_end ] --START--
INFO: Run Behavior\ShowPageTraceBehavior [ RunTime:0.000791s ]
INFO: [ app_end ] --END-- [ RunTime:0.000809s ]

[ 2020-03-06T15:12:58+08:00 ] 127.0.0.1 /index.php/Home/index/index.html
INFO: [ app_init ] --START--
INFO: Run Behavior\BuildLiteBehavior [ RunTime:0.000006s ]
INFO: [ app_init ] --END-- [ RunTime:0.000467s ]
INFO: [ app_begin ] --START--
INFO: Run Behavior\ReadHtmlCacheBehavior [ RunTime:0.000550s ]
INFO: [ app_begin ] --END-- [ RunTime:0.000579s ]
NOTIC: [8] Undefined variable: pres D:\phpstudy_pro\WWW\carshop\Application\Home\Controller\CommonController.class.php 第 19 行.
SQL: SHOW COLUMNS FROM `cs_cate` [ RunTime:0.0059s ]
SQL: SELECT `id`,`name`,`type` FROM `cs_cate` WHERE `parentid` = 0 AND `pc` = 1 ORDER BY sort asc  [ RunTime:0.0003s ]
SQL: SHOW COLUMNS FROM `cs_link` [ RunTime:0.0039s ]
SQL: SELECT `title`,`url` FROM `cs_link`  [ RunTime:0.0002s ]
SQL: SHOW COLUMNS FROM `cs_article` [ RunTime:0.0037s ]
SQL: SELECT `id`,`title`,`pic`,`rizu` FROM `cs_article` WHERE ( cateid=70 ) ORDER BY id desc LIMIT 3   [ RunTime:0.0003s ]
SQL: SELECT `id`,`title`,`pic`,`rizu` FROM `cs_article` WHERE ( cateid=68 ) ORDER BY id desc  [ RunTime:0.0002s ]
SQL: SELECT `id`,`title`,`time` FROM `cs_article` WHERE ( cateid=69 ) ORDER BY id desc LIMIT 3   [ RunTime:0.0002s ]
INFO: [ view_parse ] --START--
INFO: [ template_filter ] --START--
INFO: Run Behavior\ContentReplaceBehavior [ RunTime:0.000072s ]
INFO: [ template_filter ] --END-- [ RunTime:0.000088s ]
INFO: Run Behavior\ParseTemplateBehavior [ RunTime:0.006964s ]
INFO: [ view_parse ] --END-- [ RunTime:0.006980s ]
INFO: [ view_filter ] --START--
INFO: Run Behavior\WriteHtmlCacheBehavior [ RunTime:0.000328s ]
INFO: [ view_filter ] --END-- [ RunTime:0.000342s ]
INFO: [ app_end ] --START--
INFO: Run Behavior\ShowPageTraceBehavior [ RunTime:0.000503s ]
INFO: [ app_end ] --END-- [ RunTime:0.000519s ]

[ 2020-03-06T15:12:58+08:00 ] 127.0.0.1 /index.php/Home/index/Public/Uploads/2016-04-27/5720442390d32.jpg
INFO: [ app_init ] --START--
INFO: Run Behavior\BuildLiteBehavior [ RunTime:0.000007s ]
INFO: [ app_init ] --END-- [ RunTime:0.000491s ]

[ 2020-03-06T15:12:58+08:00 ] 127.0.0.1 /index.php/Home/index/js/jquery.lightbox-0.5.min.js
INFO: [ app_init ] --START--
INFO: Run Behavior\BuildLiteBehavior [ RunTime:0.000007s ]
INFO: [ app_init ] --END-- [ RunTime:0.000461s ]
INFO: [ app_begin ] --START--
INFO: Run Behavior\ReadHtmlCacheBehavior [ RunTime:0.000583s ]
INFO: [ app_begin ] --END-- [ RunTime:0.000628s ]
NOTIC: [8] Undefined variable: pres D:\phpstudy_pro\WWW\carshop\Application\Home\Controller\CommonController.class.php 第 19 行.
SQL: SHOW COLUMNS FROM `cs_cate` [ RunTime:0.0060s ]
SQL: SELECT `id`,`name`,`type` FROM `cs_cate` WHERE `parentid` = 0 AND `pc` = 1 ORDER BY sort asc  [ RunTime:0.0004s ]
SQL: SHOW COLUMNS FROM `cs_link` [ RunTime:0.0075s ]
SQL: SELECT `title`,`url` FROM `cs_link`  [ RunTime:0.0102s ]
ERR: 非法操作:js

[ 2020-03-06T15:12:58+08:00 ] 127.0.0.1 /index.php/Home/index/Public/Uploads/2016-04-27/5720440116c2c.jpg
INFO: [ app_init ] --START--
INFO: Run Behavior\BuildLiteBehavior [ RunTime:0.000010s ]
INFO: [ app_init ] --END-- [ RunTime:0.000685s ]

[ 2020-03-06T15:12:58+08:00 ] 127.0.0.1 /index.php/Home/index/Public/Uploads/2016-04-27/572043b5b427e.jpg
INFO: [ app_init ] --START--
INFO: Run Behavior\BuildLiteBehavior [ RunTime:0.000012s ]
INFO: [ app_init ] --END-- [ RunTime:0.000762s ]

[ 2020-03-06T15:12:58+08:00 ] 127.0.0.1 /index.php/Home/index/js/jquery.lightbox-0.5.min.js
INFO: [ app_init ] --START--
INFO: Run Behavior\BuildLiteBehavior [ RunTime:0.000031s ]
INFO: [ app_init ] --END-- [ RunTime:0.001404s ]
INFO: [ app_begin ] --START--
INFO: Run Behavior\ReadHtmlCacheBehavior [ RunTime:0.000480s ]
INFO: [ app_begin ] --END-- [ RunTime:0.000505s ]
NOTIC: [8] Undefined variable: pres D:\phpstudy_pro\WWW\carshop\Application\Home\Controller\CommonController.class.php 第 19 行.
SQL: SHOW COLUMNS FROM `cs_cate` [ RunTime:0.0090s ]
SQL: SELECT `id`,`name`,`type` FROM `cs_cate` WHERE `parentid` = 0 AND `pc` = 1 ORDER BY sort asc  [ RunTime:0.0003s ]
SQL: SHOW COLUMNS FROM `cs_link` [ RunTime:0.0038s ]
SQL: SELECT `title`,`url` FROM `cs_link`  [ RunTime:0.0001s ]
ERR: 非法操作:js

[ 2020-03-06T15:13:07+08:00 ] 127.0.0.1 /index.php/Home/Ry/index/cateid/80
INFO: [ app_init ] --START--
INFO: Run Behavior\BuildLiteBehavior [ RunTime:0.000007s ]
INFO: [ app_init ] --END-- [ RunTime:0.000415s ]
INFO: [ app_begin ] --START--
INFO: Run Behavior\ReadHtmlCacheBehavior [ RunTime:0.000513s ]
INFO: [ app_begin ] --END-- [ RunTime:0.000533s ]
SQL: SHOW COLUMNS FROM `cs_cate` [ RunTime:0.0075s ]
SQL: SELECT * FROM `cs_cate` WHERE `id` = 80 LIMIT 1   [ RunTime:0.0002s ]
SQL: SELECT * FROM `cs_cate` WHERE `id` = 80 LIMIT 1   [ RunTime:0.0001s ]
SQL: SELECT * FROM `cs_cate` WHERE `id` = 80 LIMIT 1   [ RunTime:0.0002s ]
SQL: SELECT * FROM `cs_cate` WHERE ( parentid=80 )  [ RunTime:0.0001s ]
SQL: SELECT * FROM `cs_cate` WHERE ( id=68 ) LIMIT 1   [ RunTime:0.0001s ]
SQL: SELECT * FROM `cs_cate` WHERE ( parentid=68 )  [ RunTime:0.0001s ]
SQL: SELECT `id`,`name`,`type` FROM `cs_cate` WHERE `parentid` = 0 AND `pc` = 1 ORDER BY sort asc  [ RunTime:0.0002s ]
SQL: SHOW COLUMNS FROM `cs_link` [ RunTime:0.0037s ]
SQL: SELECT `title`,`url` FROM `cs_link`  [ RunTime:0.0003s ]
SQL: SHOW COLUMNS FROM `cs_article` [ RunTime:0.0036s ]
SQL: SELECT COUNT(*) AS tp_count FROM `cs_article` WHERE ( cateid=80 ) LIMIT 1   [ RunTime:0.0002s ]
SQL: SELECT * FROM `cs_article` WHERE ( cateid=80 ) ORDER BY time asc LIMIT 0,2   [ RunTime:0.0003s ]
INFO: [ view_parse ] --START--
INFO: [ template_filter ] --START--
INFO: Run Behavior\ContentReplaceBehavior [ RunTime:0.000062s ]
INFO: [ template_filter ] --END-- [ RunTime:0.000079s ]
NOTIC: [8] Undefined variable: son3pid D:\phpstudy_pro\WWW\carshop\Application\Runtime\Cache\Home\baf4f4cb3ce169f386291e98251f0b6c.php 第 153 行.
NOTIC: [8] Undefined variable: son3pid D:\phpstudy_pro\WWW\carshop\Application\Runtime\Cache\Home\baf4f4cb3ce169f386291e98251f0b6c.php 第 153 行.
NOTIC: [8] Undefined variable: son3pid D:\phpstudy_pro\WWW\carshop\Application\Runtime\Cache\Home\baf4f4cb3ce169f386291e98251f0b6c.php 第 153 行.
NOTIC: [8] Undefined variable: son3pid D:\phpstudy_pro\WWW\carshop\Application\Runtime\Cache\Home\baf4f4cb3ce169f386291e98251f0b6c.php 第 153 行.
INFO: Run Behavior\ParseTemplateBehavior [ RunTime:0.026903s ]
INFO: [ view_parse ] --END-- [ RunTime:0.026918s ]
INFO: [ view_filter ] --START--
INFO: Run Behavior\WriteHtmlCacheBehavior [ RunTime:0.000320s ]
INFO: [ view_filter ] --END-- [ RunTime:0.000332s ]
INFO: [ app_end ] --START--
INFO: Run Behavior\ShowPageTraceBehavior [ RunTime:0.000671s ]
INFO: [ app_end ] --END-- [ RunTime:0.000687s ]

[ 2020-03-06T15:13:07+08:00 ] 127.0.0.1 /index.php/Home/Ry/index/cateid/Public/Uploads/2016-04-28/5720e25f1d53e.jpg
INFO: [ app_init ] --START--
INFO: Run Behavior\BuildLiteBehavior [ RunTime:0.000010s ]
INFO: [ app_init ] --END-- [ RunTime:0.000534s ]

[ 2020-03-06T15:13:07+08:00 ] 127.0.0.1 /index.php/Home/Ry/index/cateid/Public/Uploads/2016-04-28/5720e284db8d7.jpg
INFO: [ app_init ] --START--
INFO: Run Behavior\BuildLiteBehavior [ RunTime:0.000007s ]
INFO: [ app_init ] --END-- [ RunTime:0.000477s ]

[ 2020-03-06T15:13:19+08:00 ] 127.0.0.1 /index.php/Home/Ry/index/cateid/80
INFO: [ app_init ] --START--
INFO: Run Behavior\BuildLiteBehavior [ RunTime:0.000011s ]
INFO: [ app_init ] --END-- [ RunTime:0.000312s ]
INFO: [ app_begin ] --START--
INFO: Run Behavior\ReadHtmlCacheBehavior [ RunTime:0.000415s ]
INFO: [ app_begin ] --END-- [ RunTime:0.000431s ]
SQL: SHOW COLUMNS FROM `cs_cate` [ RunTime:0.0069s ]
SQL: SELECT * FROM `cs_cate` WHERE `id` = 80 LIMIT 1   [ RunTime:0.0003s ]
SQL: SELECT * FROM `cs_cate` WHERE `id` = 80 LIMIT 1   [ RunTime:0.0003s ]
SQL: SELECT * FROM `cs_cate` WHERE `id` = 80 LIMIT 1   [ RunTime:0.0002s ]
SQL: SELECT * FROM `cs_cate` WHERE ( parentid=80 )  [ RunTime:0.0002s ]
SQL: SELECT * FROM `cs_cate` WHERE ( id=68 ) LIMIT 1   [ RunTime:0.0002s ]
SQL: SELECT * FROM `cs_cate` WHERE ( parentid=68 )  [ RunTime:0.0002s ]
SQL: SELECT `id`,`name`,`type` FROM `cs_cate` WHERE `parentid` = 0 AND `pc` = 1 ORDER BY sort asc  [ RunTime:0.0002s ]
SQL: SHOW COLUMNS FROM `cs_link` [ RunTime:0.0038s ]
SQL: SELECT `title`,`url` FROM `cs_link`  [ RunTime:0.0004s ]
SQL: SHOW COLUMNS FROM `cs_article` [ RunTime:0.0043s ]
SQL: SELECT COUNT(*) AS tp_count FROM `cs_article` WHERE ( cateid=80 ) LIMIT 1   [ RunTime:0.0002s ]
SQL: SELECT * FROM `cs_article` WHERE ( cateid=80 ) ORDER BY time asc LIMIT 0,2   [ RunTime:0.0003s ]
INFO: [ view_parse ] --START--
INFO: [ template_filter ] --START--
INFO: Run Behavior\ContentReplaceBehavior [ RunTime:0.000063s ]
INFO: [ template_filter ] --END-- [ RunTime:0.000080s ]
NOTIC: [8] Undefined variable: son3pid D:\phpstudy_pro\WWW\carshop\Application\Runtime\Cache\Home\baf4f4cb3ce169f386291e98251f0b6c.php 第 153 行.
NOTIC: [8] Undefined variable: son3pid D:\phpstudy_pro\WWW\carshop\Application\Runtime\Cache\Home\baf4f4cb3ce169f386291e98251f0b6c.php 第 153 行.
NOTIC: [8] Undefined variable: son3pid D:\phpstudy_pro\WWW\carshop\Application\Runtime\Cache\Home\baf4f4cb3ce169f386291e98251f0b6c.php 第 153 行.
NOTIC: [8] Undefined variable: son3pid D:\phpstudy_pro\WWW\carshop\Application\Runtime\Cache\Home\baf4f4cb3ce169f386291e98251f0b6c.php 第 153 行.
INFO: Run Behavior\ParseTemplateBehavior [ RunTime:0.006685s ]
INFO: [ view_parse ] --END-- [ RunTime:0.006701s ]
INFO: [ view_filter ] --START--
INFO: Run Behavior\WriteHtmlCacheBehavior [ RunTime:0.000325s ]
INFO: [ view_filter ] --END-- [ RunTime:0.000340s ]
INFO: [ app_end ] --START--
INFO: Run Behavior\ShowPageTraceBehavior [ RunTime:0.000503s ]
INFO: [ app_end ] --END-- [ RunTime:0.000520s ]

[ 2020-03-06T15:13:19+08:00 ] 127.0.0.1 /index.php/Home/Ry/index/cateid/Public/Uploads/2016-04-28/5720e284db8d7.jpg
INFO: [ app_init ] --START--
INFO: Run Behavior\BuildLiteBehavior [ RunTime:0.000010s ]
INFO: [ app_init ] --END-- [ RunTime:0.000585s ]

[ 2020-03-06T15:13:19+08:00 ] 127.0.0.1 /index.php/Home/Ry/index/cateid/Public/Uploads/2016-04-28/5720e25f1d53e.jpg
INFO: [ app_init ] --START--
INFO: Run Behavior\BuildLiteBehavior [ RunTime:0.000009s ]
INFO: [ app_init ] --END-- [ RunTime:0.000558s ]

[ 2020-03-06T15:14:47+08:00 ] 127.0.0.1 /index.php/Home/Ry/index/cateid/80
INFO: [ app_init ] --START--
INFO: Run Behavior\BuildLiteBehavior [ RunTime:0.000005s ]
INFO: [ app_init ] --END-- [ RunTime:0.000384s ]
INFO: [ app_begin ] --START--
INFO: Run Behavior\ReadHtmlCacheBehavior [ RunTime:0.000453s ]
INFO: [ app_begin ] --END-- [ RunTime:0.000470s ]
SQL: SHOW COLUMNS FROM `cs_cate` [ RunTime:0.0067s ]
SQL: SELECT * FROM `cs_cate` WHERE `id` = 80 LIMIT 1   [ RunTime:0.0002s ]
SQL: SELECT * FROM `cs_cate` WHERE `id` = 80 LIMIT 1   [ RunTime:0.0002s ]
SQL: SELECT * FROM `cs_cate` WHERE `id` = 80 LIMIT 1   [ RunTime:0.0001s ]
SQL: SELECT * FROM `cs_cate` WHERE ( parentid=80 )  [ RunTime:0.0002s ]
SQL: SELECT * FROM `cs_cate` WHERE ( id=68 ) LIMIT 1   [ RunTime:0.0002s ]
SQL: SELECT * FROM `cs_cate` WHERE ( parentid=68 )  [ RunTime:0.0001s ]
SQL: SELECT `id`,`name`,`type` FROM `cs_cate` WHERE `parentid` = 0 AND `pc` = 1 ORDER BY sort asc  [ RunTime:0.0003s ]
SQL: SHOW COLUMNS FROM `cs_link` [ RunTime:0.0059s ]
SQL: SELECT `title`,`url` FROM `cs_link`  [ RunTime:0.0002s ]
SQL: SHOW COLUMNS FROM `cs_article` [ RunTime:0.0041s ]
SQL: SELECT COUNT(*) AS tp_count FROM `cs_article` WHERE ( cateid=80 ) LIMIT 1   [ RunTime:0.0002s ]
SQL: SELECT * FROM `cs_article` WHERE ( cateid=80 ) ORDER BY time asc LIMIT 0,2   [ RunTime:0.0003s ]
INFO: [ view_parse ] --START--
INFO: [ template_filter ] --START--
INFO: Run Behavior\ContentReplaceBehavior [ RunTime:0.000086s ]
INFO: [ template_filter ] --END-- [ RunTime:0.000117s ]
NOTIC: [8] Undefined variable: son3pid D:\phpstudy_pro\WWW\carshop\Application\Runtime\Cache\Home\baf4f4cb3ce169f386291e98251f0b6c.php 第 153 行.
NOTIC: [8] Undefined variable: son3pid D:\phpstudy_pro\WWW\carshop\Application\Runtime\Cache\Home\baf4f4cb3ce169f386291e98251f0b6c.php 第 153 行.
NOTIC: [8] Undefined variable: son3pid D:\phpstudy_pro\WWW\carshop\Application\Runtime\Cache\Home\baf4f4cb3ce169f386291e98251f0b6c.php 第 153 行.
NOTIC: [8] Undefined variable: son3pid D:\phpstudy_pro\WWW\carshop\Application\Runtime\Cache\Home\baf4f4cb3ce169f386291e98251f0b6c.php 第 153 行.
INFO: Run Behavior\ParseTemplateBehavior [ RunTime:0.008421s ]
INFO: [ view_parse ] --END-- [ RunTime:0.008438s ]
INFO: [ view_filter ] --START--
INFO: Run Behavior\WriteHtmlCacheBehavior [ RunTime:0.000391s ]
INFO: [ view_filter ] --END-- [ RunTime:0.000406s ]
INFO: [ app_end ] --START--
INFO: Run Behavior\ShowPageTraceBehavior [ RunTime:0.000562s ]
INFO: [ app_end ] --END-- [ RunTime:0.000580s ]

[ 2020-03-06T15:14:47+08:00 ] 127.0.0.1 /index.php/Home/Ry/index/cateid/Public/Uploads/2016-04-28/5720e25f1d53e.jpg
INFO: [ app_init ] --START--
INFO: Run Behavior\BuildLiteBehavior [ RunTime:0.000010s ]
INFO: [ app_init ] --END-- [ RunTime:0.002551s ]

[ 2020-03-06T15:14:47+08:00 ] 127.0.0.1 /index.php/Home/Ry/index/cateid/Public/Uploads/2016-04-28/5720e284db8d7.jpg
INFO: [ app_init ] --START--
INFO: Run Behavior\BuildLiteBehavior [ RunTime:0.000006s ]
INFO: [ app_init ] --END-- [ RunTime:0.000416s ]

[ 2020-03-06T15:14:50+08:00 ] 127.0.0.1 /index.php
INFO: [ app_init ] --START--
INFO: Run Behavior\BuildLiteBehavior [ RunTime:0.000006s ]
INFO: [ app_init ] --END-- [ RunTime:0.000442s ]
INFO: [ app_begin ] --START--
INFO: Run Behavior\ReadHtmlCacheBehavior [ RunTime:0.000580s ]
INFO: [ app_begin ] --END-- [ RunTime:0.000603s ]
NOTIC: [8] Undefined variable: pres D:\phpstudy_pro\WWW\carshop\Application\Home\Controller\CommonController.class.php 第 19 行.
SQL: SHOW COLUMNS FROM `cs_cate` [ RunTime:0.0099s ]
SQL: SELECT `id`,`name`,`type` FROM `cs_cate` WHERE `parentid` = 0 AND `pc` = 1 ORDER BY sort asc  [ RunTime:0.0004s ]
SQL: SHOW COLUMNS FROM `cs_link` [ RunTime:0.0040s ]
SQL: SELECT `title`,`url` FROM `cs_link`  [ RunTime:0.0002s ]
SQL: SHOW COLUMNS FROM `cs_article` [ RunTime:0.0061s ]
SQL: SELECT `id`,`title`,`pic`,`rizu` FROM `cs_article` WHERE ( cateid=70 ) ORDER BY id desc LIMIT 3   [ RunTime:0.0013s ]
SQL: SELECT `id`,`title`,`pic`,`rizu` FROM `cs_article` WHERE ( cateid=68 ) ORDER BY id desc  [ RunTime:0.0009s ]
SQL: SELECT `id`,`title`,`time` FROM `cs_article` WHERE ( cateid=69 ) ORDER BY id desc LIMIT 3   [ RunTime:0.0003s ]
INFO: [ view_parse ] --START--
INFO: [ template_filter ] --START--
INFO: Run Behavior\ContentReplaceBehavior [ RunTime:0.000072s ]
INFO: [ template_filter ] --END-- [ RunTime:0.000087s ]
INFO: Run Behavior\ParseTemplateBehavior [ RunTime:0.006992s ]
INFO: [ view_parse ] --END-- [ RunTime:0.007012s ]
INFO: [ view_filter ] --START--
INFO: Run Behavior\WriteHtmlCacheBehavior [ RunTime:0.000313s ]
INFO: [ view_filter ] --END-- [ RunTime:0.000326s ]
INFO: [ app_end ] --START--
INFO: Run Behavior\ShowPageTraceBehavior [ RunTime:0.000600s ]
INFO: [ app_end ] --END-- [ RunTime:0.000622s ]

